Arguments: 
  C:\Program Files\nodejs\node.exe C:\Users\J Quiroga\AppData\Roaming\npm\node_modules\yarn\bin\yarn.js start

PATH: 
  C:\ProgramData\Oracle\Java\javapath;C:\Windows\system32;C:\Windows;C:\Windows\System32\Wbem;C:\Windows\System32\WindowsPowerShell\v1.0\;C:\Program Files\nodejs\;C:\Program Files\Git\cmd;C:\ProgramData\chocolatey\bin;C:\Users\J Quiroga\AppData\Local\Programs\Python\Python36\Scripts\;C:\Users\J Quiroga\AppData\Local\Programs\Python\Python36\;C:\Users\J Quiroga\AppData\Local\Microsoft\WindowsApps;C:\Users\J Quiroga\AppData\Local\atom\bin;C:\Program Files\Microsoft VS Code\bin;C:\Users\J Quiroga\AppData\Roaming\npm;C:\Users\J Quiroga\.android\tools;C:\Users\J Quiroga\.android\platform-tools;C:\Users\J Quiroga\AppData\Local\.meteor;

Yarn version: 
  1.5.1

Node version: 
  8.10.0

Platform: 
  win32 x64

npm manifest: 
  No manifest

yarn manifest: 
  No manifest

Lockfile: 
  No lockfile

Trace: 
  Error: Couldn't find a package.json file in "C:\\Users\\J Quiroga\\Dropbox\\empresasjp\\Kaya"
      at new MessageError (C:\Users\J Quiroga\AppData\Roaming\npm\node_modules\yarn\lib\cli.js:186:110)
      at C:\Users\J Quiroga\AppData\Roaming\npm\node_modules\yarn\lib\cli.js:40048:15
      at Generator.next (<anonymous>)
      at step (C:\Users\J Quiroga\AppData\Roaming\npm\node_modules\yarn\lib\cli.js:98:30)
      at C:\Users\J Quiroga\AppData\Roaming\npm\node_modules\yarn\lib\cli.js:109:13
      at <anonymous>
